INFO 2023-04-12 18:21:48 BaseModelLoader.py: 34] Successfully parsed the model configuration file meta.json!
INFO 2023-04-12 18:21:48 FaceDetModelLoader.py: 34] Successfully loaded the face detection model!
INFO 2023-04-12 18:22:26 FaceAlignModelLoader.py: 16] Start to analyze the face landmark model, model path: models, model category: face_alignment，model name: face_alignment_1.0
INFO 2023-04-12 18:22:26 BaseModelLoader.py: 34] Successfully parsed the model configuration file meta.json!
INFO 2023-04-12 18:22:26 FaceAlignModelLoader.py: 29] Successfully loaded the face landmark model!
INFO 2023-04-12 18:37:06 FaceAlignModelLoader.py: 16] Start to analyze the face landmark model, model path: models, model category: face_alignment，model name: face_alignment_1.0
INFO 2023-04-12 18:37:06 BaseModelLoader.py: 34] Successfully parsed the model configuration file meta.json!
INFO 2023-04-12 18:37:07 FaceAlignModelLoader.py: 29] Successfully loaded the face landmark model!
INFO 2023-04-12 18:37:11 FaceDetModelLoader.py: 16] Start to analyze the face detection model, model path: models, model category: face_detection，model name: face_detection_1.0
INFO 2023-04-12 18:37:11 BaseModelLoader.py: 34] Successfully parsed the model configuration file meta.json!
INFO 2023-04-12 18:37:11 FaceDetModelLoader.py: 34] Successfully loaded the face detection model!
INFO 2023-04-12 18:37:59 FaceAlignModelLoader.py: 16] Start to analyze the face landmark model, model path: models, model category: face_alignment，model name: face_alignment_1.0
INFO 2023-04-12 18:37:59 BaseModelLoader.py: 34] Successfully parsed the model configuration file meta.json!
INFO 2023-04-12 18:37:59 FaceAlignModelLoader.py: 29] Successfully loaded the face landmark model!
INFO 2023-04-12 18:41:32 FaceAlignModelLoader.py: 16] Start to analyze the face landmark model, model path: models, model category: face_alignment，model name: face_alignment_1.0
INFO 2023-04-12 18:41:32 BaseModelLoader.py: 34] Successfully parsed the model configuration file meta.json!
INFO 2023-04-12 18:41:33 FaceAlignModelLoader.py: 29] Successfully loaded the face landmark model!
INFO 2023-04-12 18:41:51 FaceAlignModelLoader.py: 16] Start to analyze the face landmark model, model path: models, model category: face_alignment，model name: face_alignment_1.0
INFO 2023-04-12 18:41:51 BaseModelLoader.py: 34] Successfully parsed the model configuration file meta.json!
INFO 2023-04-12 18:41:52 FaceAlignModelLoader.py: 29] Successfully loaded the face landmark model!
INFO 2023-04-12 18:42:12 FaceDetModelLoader.py: 16] Start to analyze the face detection model, model path: models, model category: face_detection，model name: face_detection_1.0
INFO 2023-04-12 18:42:12 BaseModelLoader.py: 34] Successfully parsed the model configuration file meta.json!
INFO 2023-04-12 18:42:12 FaceDetModelLoader.py: 34] Successfully loaded the face detection model!
INFO 2023-04-12 18:42:17 FaceAlignModelLoader.py: 16] Start to analyze the face landmark model, model path: models, model category: face_alignment，model name: face_alignment_1.0
INFO 2023-04-12 18:42:17 BaseModelLoader.py: 34] Successfully parsed the model configuration file meta.json!
INFO 2023-04-12 18:42:17 FaceAlignModelLoader.py: 29] Successfully loaded the face landmark model!
INFO 2023-04-12 20:42:01 FaceDetModelLoader.py: 16] Start to analyze the face detection model, model path: models, model category: face_detection，model name: face_detection_1.0
INFO 2023-04-12 20:42:01 BaseModelLoader.py: 34] Successfully parsed the model configuration file meta.json!
INFO 2023-04-12 20:42:01 FaceDetModelLoader.py: 34] Successfully loaded the face detection model!
INFO 2023-04-12 20:43:19 FaceDetModelLoader.py: 16] Start to analyze the face detection model, model path: models, model category: face_detection，model name: face_detection_1.0
INFO 2023-04-12 20:43:19 BaseModelLoader.py: 34] Successfully parsed the model configuration file meta.json!
INFO 2023-04-12 20:43:19 FaceDetModelLoader.py: 34] Successfully loaded the face detection model!
INFO 2023-04-12 20:44:02 FaceDetModelLoader.py: 16] Start to analyze the face detection model, model path: models, model category: face_detection，model name: face_detection_1.0
INFO 2023-04-12 20:44:02 BaseModelLoader.py: 34] Successfully parsed the model configuration file meta.json!
INFO 2023-04-12 20:44:02 FaceDetModelLoader.py: 34] Successfully loaded the face detection model!
INFO 2023-04-12 20:44:05 FaceAlignModelLoader.py: 16] Start to analyze the face landmark model, model path: models, model category: face_alignment，model name: face_alignment_1.0
INFO 2023-04-12 20:44:05 BaseModelLoader.py: 34] Successfully parsed the model configuration file meta.json!
INFO 2023-04-12 20:44:05 FaceAlignModelLoader.py: 29] Successfully loaded the face landmark model!
INFO 2023-04-12 20:44:33 FaceDetModelLoader.py: 16] Start to analyze the face detection model, model path: models, model category: face_detection，model name: face_detection_1.0
INFO 2023-04-12 20:44:33 BaseModelLoader.py: 34] Successfully parsed the model configuration file meta.json!
INFO 2023-04-12 20:44:33 FaceDetModelLoader.py: 34] Successfully loaded the face detection model!
INFO 2023-04-12 20:44:36 FaceAlignModelLoader.py: 16] Start to analyze the face landmark model, model path: models, model category: face_alignment，model name: face_alignment_1.0
INFO 2023-04-12 20:44:36 BaseModelLoader.py: 34] Successfully parsed the model configuration file meta.json!
INFO 2023-04-12 20:44:36 FaceAlignModelLoader.py: 29] Successfully loaded the face landmark model!
INFO 2023-04-12 20:57:08 FaceDetModelLoader.py: 16] Start to analyze the face detection model, model path: models, model category: face_detection，model name: face_detection_1.0
INFO 2023-04-12 20:57:08 BaseModelLoader.py: 34] Successfully parsed the model configuration file meta.json!
INFO 2023-04-12 20:57:09 FaceDetModelLoader.py: 34] Successfully loaded the face detection model!
INFO 2023-04-12 20:57:11 FaceAlignModelLoader.py: 16] Start to analyze the face landmark model, model path: models, model category: face_alignment，model name: face_alignment_1.0
INFO 2023-04-12 20:57:11 BaseModelLoader.py: 34] Successfully parsed the model configuration file meta.json!
INFO 2023-04-12 20:57:12 FaceAlignModelLoader.py: 29] Successfully loaded the face landmark model!
INFO 2023-04-12 20:59:52 FaceDetModelLoader.py: 16] Start to analyze the face detection model, model path: models, model category: face_detection，model name: face_detection_1.0
INFO 2023-04-12 20:59:52 BaseModelLoader.py: 34] Successfully parsed the model configuration file meta.json!
INFO 2023-04-12 20:59:52 FaceDetModelLoader.py: 34] Successfully loaded the face detection model!
INFO 2023-04-12 20:59:55 FaceAlignModelLoader.py: 16] Start to analyze the face landmark model, model path: models, model category: face_alignment，model name: face_alignment_1.0
INFO 2023-04-12 20:59:55 BaseModelLoader.py: 34] Successfully parsed the model configuration file meta.json!
INFO 2023-04-12 20:59:55 FaceAlignModelLoader.py: 29] Successfully loaded the face landmark model!
